<?xml version="1.0" encoding="UTF-8"?>
<!-- Generated by org.testng.reporters.JUnitReportReporter -->
<testsuite hostname="US-5CG0272TF9" failures="0" tests="2" name="cucumberOptions.TestRunner" time="157.697" errors="0" timestamp="2022-03-29T01:01:42 EET" skipped="0">
  <testcase classname="cucumberOptions.TestRunner" name="runScenario" time="92.417"/>
  <system-out/>
  <testcase classname="cucumberOptions.TestRunner" name="runScenario" time="65.280"/>
  <system-out/>
</testsuite> <!-- cucumberOptions.TestRunner -->
