<?xml version="1.0" encoding="UTF-8"?>
<!-- Generated by org.testng.reporters.JUnitReportReporter -->
<testsuite hostname="US-5CG0272TF9" failures="0" tests="3" name="cucumberOptions.RestAssuredTestRunner" time="6.536" errors="0" timestamp="2022-03-27T23:21:46 EET" skipped="0">
  <testcase classname="cucumberOptions.RestAssuredTestRunner" name="runScenario" time="1.853"/>
  <system-out/>
  <testcase classname="cucumberOptions.RestAssuredTestRunner" name="runScenario" time="0.623"/>
  <system-out/>
  <testcase classname="cucumberOptions.RestAssuredTestRunner" name="runScenario" time="4.060"/>
  <system-out/>
</testsuite> <!-- cucumberOptions.RestAssuredTestRunner -->
